<?xml version="1.0" encoding="UTF-8"?>
<testng-results skipped="0" failed="0" ignored="0" total="1" passed="1">
  <reporter-output>
  </reporter-output>
  <suite name="Default suite" duration-ms="36708" started-at="2018-06-22T14:51:38Z" finished-at="2018-06-22T14:52:15Z">
    <groups>
    </groups>
    <test name="Default test" duration-ms="36708" started-at="2018-06-22T14:51:38Z" finished-at="2018-06-22T14:52:15Z">
      <class name="com.prestashop.tests.PositiveScenarios">
        <test-method status="PASS" signature="setUp()[pri:0, instance:com.prestashop.tests.PositiveScenarios@70ab1ce0]" name="setUp" is-config="true" duration-ms="4941" started-at="2018-06-22T14:51:38Z" finished-at="2018-06-22T14:51:43Z">
          <reporter-output>
          </reporter-output>
        </test-method> <!-- setUp -->
        <test-method status="PASS" signature="loginClick()[pri:0, instance:com.prestashop.tests.PositiveScenarios@70ab1ce0]" name="loginClick" duration-ms="31749" started-at="2018-06-22T14:51:43Z" finished-at="2018-06-22T14:52:15Z">
          <reporter-output>
          </reporter-output>
        </test-method> <!-- loginClick -->
      </class> <!-- com.prestashop.tests.PositiveScenarios -->
    </test> <!-- Default test -->
  </suite> <!-- Default suite -->
</testng-results>
